Build started 6/25/2015 12:12:50 PM.
     1>Project "C:\Users\Abdullah\Desktop\Project\Project\Project.vcxproj" on node 2 (Build target(s)).
     1>ClCompile:
         C:\Program Files (x86)\Microsoft Visual Studio 12.0\VC\bin\CL.exe /c /ZI /nologo /W3 /WX- /sdl /Od /Oy- /D WIN32 /D _DEBUG /D _CONSOLE /D _LIB /D _UNICODE /D UNICODE /Gm /EHsc /RTC1 /MDd /GS /fp:precise /Zc:wchar_t /Zc:forScope /Fo"Debug\\" /Fd"Debug\vc120.pdb" /Gd /TP /analyze- /errorReport:prompt Project.cpp
         Project.cpp
     1>c:\users\abdullah\desktop\project\project\project.cpp(60): warning C4244: '=' : conversion from 'double' to 'float', possible loss of data
     1>c:\users\abdullah\desktop\project\project\project.cpp(79): warning C4244: '=' : conversion from 'double' to 'float', possible loss of data
     1>c:\users\abdullah\desktop\project\project\project.cpp(159): warning C4305: '=' : truncation from 'double' to 'float'
     1>c:\users\abdullah\desktop\project\project\project.cpp(165): warning C4305: '=' : truncation from 'double' to 'float'
     1>c:\users\abdullah\desktop\project\project\project.cpp(177): warning C4305: '=' : truncation from 'double' to 'float'
     1>c:\users\abdullah\desktop\project\project\project.cpp(183): warning C4305: '=' : truncation from 'double' to 'float'
     1>c:\users\abdullah\desktop\project\project\project.cpp(195): warning C4305: '=' : truncation from 'double' to 'float'
     1>c:\users\abdullah\desktop\project\project\project.cpp(201): warning C4305: '=' : truncation from 'double' to 'float'
     1>c:\users\abdullah\desktop\project\project\project.cpp(283): warning C4244: '=' : conversion from 'double' to 'float', possible loss of data
     1>c:\users\abdullah\desktop\project\project\project.cpp(287): warning C4244: '=' : conversion from 'double' to 'float', possible loss of data
     1>c:\users\abdullah\desktop\project\project\project.cpp(291): warning C4244: '=' : conversion from 'double' to 'float', possible loss of data
     1>c:\users\abdullah\desktop\project\project\project.cpp(305): warning C4305: '=' : truncation from 'double' to 'float'
     1>c:\users\abdullah\desktop\project\project\project.cpp(311): warning C4305: '=' : truncation from 'double' to 'float'
     1>c:\users\abdullah\desktop\project\project\project.cpp(323): warning C4305: '=' : truncation from 'double' to 'float'
     1>c:\users\abdullah\desktop\project\project\project.cpp(329): warning C4305: '=' : truncation from 'double' to 'float'
     1>c:\users\abdullah\desktop\project\project\project.cpp(341): warning C4305: '=' : truncation from 'double' to 'float'
     1>c:\users\abdullah\desktop\project\project\project.cpp(347): warning C4305: '=' : truncation from 'double' to 'float'
       Link:
         C:\Program Files (x86)\Microsoft Visual Studio 12.0\VC\bin\link.exe /ERRORREPORT:PROMPT /OUT:"C:\Users\Abdullah\Desktop\Project\Debug\Project.exe" /INCREMENTAL /NOLOGO kernel32.lib user32.lib gdi32.lib winspool.lib comdlg32.lib advapi32.lib shell32.lib ole32.lib oleaut32.lib uuid.lib odbc32.lib odbccp32.lib /MANIFEST /MANIFESTUAC:"level='asInvoker' uiAccess='false'" /manifest:embed /DEBUG /PDB:"C:\Users\Abdullah\Desktop\Project\Debug\Project.pdb" /SUBSYSTEM:CONSOLE /TLBID:1 /DYNAMICBASE /NXCOMPAT /IMPLIB:"C:\Users\Abdullah\Desktop\Project\Debug\Project.lib" /MACHINE:X86 Debug\Project.obj
         Project.vcxproj -> C:\Users\Abdullah\Desktop\Project\Debug\Project.exe
     1>Done Building Project "C:\Users\Abdullah\Desktop\Project\Project\Project.vcxproj" (Build target(s)).

Build succeeded.

Time Elapsed 00:00:03.00
